E, [2017-12-16T20:55:46.251662 #14588] ERROR -- Kitchen: ------Exception-------
E, [2017-12-16T20:55:46.252162 #14588] ERROR -- Kitchen: Class: Kitchen::UserError
E, [2017-12-16T20:55:46.252162 #14588] ERROR -- Kitchen: Message: Kitchen YAML file C:/Users/purpl/Development/projects/vagrant-essentials/VagrantVMs/ubuntu16-LAMP-chef_solo/.kitchen.yml does not exist.
E, [2017-12-16T20:55:46.252162 #14588] ERROR -- Kitchen: ----------------------
E, [2017-12-16T20:55:46.252162 #14588] ERROR -- Kitchen: ------Backtrace-------
E, [2017-12-16T20:55:46.252162 #14588] ERROR -- Kitchen: C:/opscode/chefdk/embedded/lib/ruby/gems/2.4.0/gems/test-kitchen-1.19.2/lib/kitchen/loader/yaml.rb:65:in `read'
E, [2017-12-16T20:55:46.252661 #14588] ERROR -- Kitchen: C:/opscode/chefdk/embedded/lib/ruby/gems/2.4.0/gems/test-kitchen-1.19.2/lib/kitchen/config.rb:152:in `data'
E, [2017-12-16T20:55:46.252864 #14588] ERROR -- Kitchen: C:/opscode/chefdk/embedded/lib/ruby/gems/2.4.0/gems/test-kitchen-1.19.2/lib/kitchen/config.rb:131:in `suites'
E, [2017-12-16T20:55:46.252864 #14588] ERROR -- Kitchen: C:/opscode/chefdk/embedded/lib/ruby/gems/2.4.0/gems/test-kitchen-1.19.2/lib/kitchen/config.rb:182:in `filter_instances'
E, [2017-12-16T20:55:46.252864 #14588] ERROR -- Kitchen: C:/opscode/chefdk/embedded/lib/ruby/gems/2.4.0/gems/test-kitchen-1.19.2/lib/kitchen/config.rb:141:in `build_instances'
E, [2017-12-16T20:55:46.252864 #14588] ERROR -- Kitchen: C:/opscode/chefdk/embedded/lib/ruby/gems/2.4.0/gems/test-kitchen-1.19.2/lib/kitchen/config.rb:117:in `instances'
E, [2017-12-16T20:55:46.252864 #14588] ERROR -- Kitchen: C:/opscode/chefdk/embedded/lib/ruby/gems/2.4.0/gems/test-kitchen-1.19.2/lib/kitchen/command.rb:112:in `filtered_instances'
E, [2017-12-16T20:55:46.252864 #14588] ERROR -- Kitchen: C:/opscode/chefdk/embedded/lib/ruby/gems/2.4.0/gems/test-kitchen-1.19.2/lib/kitchen/command.rb:142:in `parse_subcommand'
E, [2017-12-16T20:55:46.252864 #14588] ERROR -- Kitchen: C:/opscode/chefdk/embedded/lib/ruby/gems/2.4.0/gems/test-kitchen-1.19.2/lib/kitchen/command/list.rb:30:in `call'
E, [2017-12-16T20:55:46.252864 #14588] ERROR -- Kitchen: C:/opscode/chefdk/embedded/lib/ruby/gems/2.4.0/gems/test-kitchen-1.19.2/lib/kitchen/cli.rb:52:in `perform'
E, [2017-12-16T20:55:46.253366 #14588] ERROR -- Kitchen: C:/opscode/chefdk/embedded/lib/ruby/gems/2.4.0/gems/test-kitchen-1.19.2/lib/kitchen/cli.rb:120:in `list'
E, [2017-12-16T20:55:46.253366 #14588] ERROR -- Kitchen: C:/opscode/chefdk/embedded/lib/ruby/gems/2.4.0/gems/thor-0.19.1/lib/thor/command.rb:27:in `run'
E, [2017-12-16T20:55:46.253366 #14588] ERROR -- Kitchen: C:/opscode/chefdk/embedded/lib/ruby/gems/2.4.0/gems/thor-0.19.1/lib/thor/invocation.rb:126:in `invoke_command'
E, [2017-12-16T20:55:46.253366 #14588] ERROR -- Kitchen: C:/opscode/chefdk/embedded/lib/ruby/gems/2.4.0/gems/thor-0.19.1/lib/thor.rb:359:in `dispatch'
E, [2017-12-16T20:55:46.253366 #14588] ERROR -- Kitchen: C:/opscode/chefdk/embedded/lib/ruby/gems/2.4.0/gems/thor-0.19.1/lib/thor/base.rb:440:in `start'
E, [2017-12-16T20:55:46.253366 #14588] ERROR -- Kitchen: C:/opscode/chefdk/embedded/lib/ruby/gems/2.4.0/gems/test-kitchen-1.19.2/bin/kitchen:13:in `block in <top (required)>'
E, [2017-12-16T20:55:46.253366 #14588] ERROR -- Kitchen: C:/opscode/chefdk/embedded/lib/ruby/gems/2.4.0/gems/test-kitchen-1.19.2/lib/kitchen/errors.rb:171:in `with_friendly_errors'
E, [2017-12-16T20:55:46.253366 #14588] ERROR -- Kitchen: C:/opscode/chefdk/embedded/lib/ruby/gems/2.4.0/gems/test-kitchen-1.19.2/bin/kitchen:13:in `<top (required)>'
E, [2017-12-16T20:55:46.253366 #14588] ERROR -- Kitchen: C:/opscode/chefdk/bin/kitchen:267:in `load'
E, [2017-12-16T20:55:46.253866 #14588] ERROR -- Kitchen: C:/opscode/chefdk/bin/kitchen:267:in `<main>'
E, [2017-12-16T20:55:46.253866 #14588] ERROR -- Kitchen: ----End Backtrace-----
